[sign-batch] 402 private tools to sign
[sign-batch] [1/402] art:2016.06.05--h63f49d7_13 -> success
[sign-batch] [2/402] artic:1.10.2--pyhdfd78af_0 -> success
[sign-batch] [3/402] ascat:3.2.0--r44hdfd78af_1 -> success
[sign-batch] [4/402] ashlar:1.20.0--pyhdfd78af_0 -> success
[sign-batch] [5/402] ataqv:1.3.1--py312h0ad2b02_5 -> success
[sign-batch] [6/402] atlas:2.0.3--h5bbc00c_0 -> success
[sign-batch] [7/402] autocycler:0.6.2--h60bb4c3_0 -> success
[sign-batch] [8/402] bacphlip:0.9.6--py_0 -> success
[sign-batch] [9/402] bamaligncleaner:0.3--pyhdfd78af_0 -> success
[sign-batch] [10/402] bamclipper:1.0.0--hdfd78af_2 -> success
[sign-batch] [11/402] bamcmp:2.2--h163da20_7 -> success
[sign-batch] [12/402] bamtools:2.5.3--h86c93f2_0 -> success
[sign-batch] [13/402] bamutil:1.0.15--h0aa3852_7 -> success
[sign-batch] [14/402] bandage:0.9.0--h163da20_0 -> success
[sign-batch] [15/402] barrnap:1.10.6--pl5321hdfd78af_0 -> success
[sign-batch] [16/402] bbmap:39.81--heff9fa3_1 -> success
[sign-batch] [17/402] bcftools:1.23.1--h89c24a7_0 -> success
[sign-batch] [18/402] bedops:2.4.42--h7645e38_1 -> success
[sign-batch] [19/402] bftools:8.0.0--hdfd78af_0 -> success
[sign-batch] [20/402] bigslice:2.0.2--pyh8ed023e_0 -> success
[sign-batch] [21/402] bio2zarr:0.2.1--pyhdfd78af_0 -> success
[sign-batch] [22/402] bioawk:1.0--h0cbc5ad_13 -> success
[sign-batch] [23/402] biobambam:2.0.185--h9ca79bb_0 -> success
[sign-batch] [24/402] biscuit:1.8.1.20260511--h411c767_0 -> success
[sign-batch] [25/402] bismark:0.25.1--hdfd78af_0 -> success
[sign-batch] [26/402] blobtk:0.8.0--py313h7bfe218_0 -> success
[sign-batch] [27/402] bowtie:1.3.1--h7658330_11 -> success
[sign-batch] [28/402] bowtie2:2.5.5--hf3d0eb7_0 -> success
[sign-batch] [29/402] bracken:3.1p1--h1b9dc22_0 -> success
[sign-batch] [30/402] bwameth:0.2.9--pyh7e72e81_0 -> success
[sign-batch] [31/402] caalm:1.0.0--pyhdfd78af_0 -> success
[sign-batch] [32/402] canu:2.3--hfc89944_2 -> success
[sign-batch] [33/402] cellbender:0.3.2--pyhdfd78af_0 -> success
[sign-batch] [34/402] centrifuger:1.1.2--h84a7dbf_0 -> success
[sign-batch] [35/402] checkqc:4.0.7--pyhdfd78af_0 -> success
[sign-batch] [36/402] checkv:1.1.1--pyh106432d_1 -> success
[sign-batch] [37/402] chewbbaca:3.5.4--pyh106432d_0 -> success
[sign-batch] [38/402] chromap:0.3.2--h1e84f2d_0 -> success
[sign-batch] [39/402] chromograph:1.3.1--pyhdfd78af_2 -> success
[sign-batch] [40/402] circexplorer2:2.3.8--pyh864c0ab_1 -> success
[sign-batch] [41/402] circularmapper:1.93.5--h2a3209d_3 -> success
[sign-batch] [42/402] civicpy:5.4.0--pyhdfd78af_1 -> success
[sign-batch] [43/402] clair3:2.0.1--py311hd08e9f5_0 -> success
[sign-batch] [44/402] clame:1.0--h80f0ee0_3 -> success
[sign-batch] [45/402] clipkit:2.12.0--pyhdfd78af_0 -> success
[sign-batch] [46/402] clonalframeml:1.20--h1b9dc22_0 -> success
[sign-batch] [47/402] clustalo:1.2.4--h80f0ee0_10 -> success
[sign-batch] [48/402] clusty:1.2.2--h23ed54d_0 -> success
[sign-batch] [49/402] cmaple:1.1.0--h80f0ee0_1 -> success
[sign-batch] [50/402] cmseq:1.0.4--pyhb7b1952_0 -> success
[sign-batch] [51/402] cnvnator:0.4.1--py313hb659247_12 -> success
[sign-batch] [52/402] cnvpytor:1.3.2--pyhdfd78af_0 -> success
[sign-batch] [53/402] cobs:0.3.1--h7f4e536_1 -> success
[sign-batch] [54/402] conifer:1.0.3--h0cbc5ad_0 -> success
[sign-batch] [55/402] cooler:0.10.4--pyhdfd78af_0 -> success
[sign-batch] [56/402] cooltools:0.7.1--py312h6ad6c05_3 -> success
[sign-batch] [57/402] coptr:1.1.4--pyhdfd78af_1 -> success
[sign-batch] [58/402] coverm:0.7.0--h3ad02e1_4 -> success
[sign-batch] [59/402] crabs:1.14.0--pyhdfd78af_0 -> 
[sign-batch] [60/402] cramino:1.3.0--h30f2c0e_0 -> success
[sign-batch] [61/402] crispresso2:2.3.4--py313h1a40087_0 -> success
[sign-batch] [62/402] csvtk:0.31.0--h23ed54d_0 -> success
[sign-batch] [63/402] cutadapt:5.2--py313h7ebdf71_1 -> success
[sign-batch] [64/402] cutesv:2.1.3--pyhdfd78af_0 -> success
[sign-batch] [65/402] damageprofiler:1.1--hdfd78af_2 -> success
[sign-batch] [66/402] deacon:0.15.0--hacc9189_0 -> success
[sign-batch] [67/402] decoupler:1.5.0--pyhdfd78af_0 -> success
[sign-batch] [68/402] dedup:0.12.9--hdfd78af_0 -> success
[sign-batch] [69/402] deeptools:3.5.6--pyhdfd78af_0 -> success
[sign-batch] [70/402] delly:2.0.0--ha658904_0 -> success
[sign-batch] [71/402] demuxem:0.1.8--pyhdfd78af_0 -> success
[sign-batch] [72/402] doubletdetection:4.3.0.post1--pyhdfd78af_0 -> success
[sign-batch] [73/402] dragonflye:1.2.1--hdfd78af_0 -> success
[sign-batch] [74/402] drep:3.6.2--pyhdfd78af_0 -> success
[sign-batch] [75/402] dysgu:1.8.8--py313hd3ce107_0 -> success
[sign-batch] [76/402] ectyper:2.0.0--pyhdfd78af_4 -> success
[sign-batch] [77/402] eigenstratdatabasetools:1.1.0--hdfd78af_0 -> success
[sign-batch] [78/402] eklipse:1.8--hdfd78af_6 -> success
[sign-batch] [79/402] elprep:5.1.3--h8865c2f_2 -> success
[sign-batch] [80/402] emboss:6.6.0--h4b5f196_14 -> success
[sign-batch] [81/402] emu:3.6.2--hdfd78af_0 -> success
[sign-batch] [82/402] endorspy:1.4--hdfd78af_0 -> success
[sign-batch] [83/402] epic2:0.0.54--py312hc072545_0 -> success
[sign-batch] [84/402] evigene:23.7.15--hdfd78af_1 -> success
[sign-batch] [85/402] expansionhunter:5.0.0--he8b94f4_5 -> success
[sign-batch] [86/402] expansionhunterdenovo:0.9.0--hece5f1d_11 -> success
[sign-batch] [87/402] fairy:0.5.8--h3af2550_0 -> success
[sign-batch] [88/402] famsa:2.4.1--h23ed54d_0 -> success
[sign-batch] [89/402] faqcs:2.12--r44h1e84f2d_0 -> success
[sign-batch] [90/402] fast2q:2.8.1--pyh7e72e81_0 -> success
[sign-batch] [91/402] fastani:1.34--h07fb39f_7 -> success
[sign-batch] [92/402] fastcov:0.1.3--hdfd78af_0 -> success
[sign-batch] [93/402] fastdup:1.0.0--hbaa2b13_0 -> success
[sign-batch] [94/402] fastk:1.2--h1743689_1 -> success
[sign-batch] [95/402] fastme:2.1.6.3--h661a7b0_1 -> success
[sign-batch] [96/402] fastplong:0.4.1--ha7486ba_0 -> success
[sign-batch] [97/402] fastqe:0.5.2--pyhdfd78af_0 -> success
[sign-batch] [98/402] fasttree:2.2.0--h661a7b0_1 -> success
[sign-batch] [99/402] ffq:0.3.1--pyhdfd78af_0 -> success
[sign-batch] [100/402] fgbio:4.1.0--hdfd78af_0 -> success
[sign-batch] [101/402] fgumi:0.3.0--h389c417_0 -> success
[sign-batch] [102/402] finaletoolkit:0.11.1--pyhdfd78af_0 -> success
[sign-batch] [103/402] flye:2.9.6--py313h30571f8_1 -> success
[sign-batch] [104/402] foldcomp:1.0.0--h94579f3_0 -> success
[sign-batch] [105/402] foldmason:2.7bd21ed--pl5321h3af90e8_0 -> success
[sign-batch] [106/402] foldseek:8.ef4e960--pl5321hd5e968b_1 -> success
[sign-batch] [107/402] fqtk:0.3.1--h415ceb9_3 -> success
[sign-batch] [108/402] galah:0.4.2--h3af2550_2 -> success
[sign-batch] [109/402] gangstr:2.5.0--h5756de4_10 -> success
[sign-batch] [110/402] gappa:0.9.0--h1e84f2d_0 -> success
[sign-batch] [111/402] gapseq:2.1.0--hdfd78af_0 -> success
[sign-batch] [112/402] gatk:3.8--hdfd78af_12 -> success
[sign-batch] [113/402] gatk4:4.6.2.0--py310hdfd78af_1 -> success
[sign-batch] [114/402] gecco:0.10.3--pyhdfd78af_1 -> success
[sign-batch] [115/402] gedi:1.0.6a--hdfd78af_1 -> success
[sign-batch] [116/402] genin2:2.1.6--pyhdfd78af_0 -> success
[sign-batch] [117/402] genmap:1.3.0--h163da20_4 -> success
[sign-batch] [118/402] genmod:3.10.2--pyh7e72e81_0 -> success
[sign-batch] [119/402] genomad:1.12.0--pyhdfd78af_0 -> success
[sign-batch] [120/402] genomescope2:2.1.0--py313r44hdfd78af_0 -> success
[sign-batch] [121/402] geofetch:0.12.11--pyhdfd78af_0 -> success
[sign-batch] [122/402] getorganelle:1.7.7.1--pyhdfd78af_0 -> success
[sign-batch] [123/402] gfaffix:0.2.2--hb05d258_0 -> success
[sign-batch] [124/402] gfastats:1.3.11--h1e84f2d_0 -> success
[sign-batch] [125/402] gfatools:0.5.5--h0cbc5ad_0 -> success
[sign-batch] [126/402] gffcompare:0.12.10--h163da20_0 -> success
[sign-batch] [127/402] gget:0.29.0--pyhdfd78af_0 -> success
[sign-batch] [128/402] glnexus:1.4.1--h83404e3_5 -> success
[sign-batch] [129/402] goatools:1.2.3--pyh7cba7a3_2 -> success
[sign-batch] [130/402] grabix:0.1.8--h1e84f2d_12 -> success
[sign-batch] [131/402] graphtyper:2.7.7--h49ede26_1 -> success
[sign-batch] [132/402] gridss:2.13.2--h0b41a95_6 -> success
[sign-batch] [133/402] grimer:1.1.0--pyhdfd78af_0 -> success
[sign-batch] [134/402] gsea:4.3.2--hdfd78af_0 -> success
[sign-batch] [135/402] gtfsort:0.2.4--heafea3b_0 -> success
[sign-batch] [136/402] gubbins:3.4.3--py310h1f8e937_1 -> success
[sign-batch] [137/402] gunc:1.1.1--pyhdfd78af_0 -> success
[sign-batch] [138/402] gzrt:0.9.1--h0cbc5ad_1 -> success
[sign-batch] [139/402] hamronization:1.2.1--pyhdfd78af_0 -> success
[sign-batch] [140/402] haplocheck:1.3.3--h2a3209d_2 -> success
[sign-batch] [141/402] haplogrep3:3.2.2--hdfd78af_1 -> success
[sign-batch] [142/402] helitronscanner:1.0--hdfd78af_0 -> success
[sign-batch] [143/402] hhsuite:3.3.0--h80f0ee0_15 -> success
[sign-batch] [144/402] hicap:1.0.4--pyhdfd78af_2 -> success
[sign-batch] [145/402] hicexplorer:3.7.6--pyhdfd78af_0 -> success
[sign-batch] [146/402] hifiasm:0.25.0--h0aa3852_0 -> success
[sign-batch] [147/402] hisat2:2.2.2--h80f0ee0_0 -> success
[sign-batch] [148/402] hmmcopy:0.1.1--hdab5457_12 -> success
[sign-batch] [149/402] hmmer:3.4--hfe13ca0_4 -> success
[sign-batch] [150/402] hmtnote:0.7.2--pyhdfd78af_1 -> success
[sign-batch] [151/402] homer:5.1--pl5321h1b9dc22_1 -> success
[sign-batch] [152/402] hostile:2.0.2--pyhdfd78af_0 -> success
[sign-batch] [153/402] htseq:2.1.2--py313h5c29864_2 -> success
[sign-batch] [154/402] htslib:1.23.1--h58d2225_0 -> success
[sign-batch] [155/402] hypo:1.0.3--h1cdfba5_3 -> success
[sign-batch] [156/402] idemux:0.1.6--pyhdfd78af_0 -> success
[sign-batch] [157/402] idr:2.0.4.2--py39h8a409c4_12 -> success
[sign-batch] [158/402] igv:2.19.8--h33ea123_0 -> success
[sign-batch] [159/402] infernal:1.1.5--pl5321h661a7b0_4 -> success
[sign-batch] [160/402] iqtree:3.1.2--h2705416_0 -> success
[sign-batch] [161/402] irescue:1.2.0--pyhdfd78af_0 -> success
[sign-batch] [162/402] islandpath:1.0.6--hdfd78af_0 -> success
[sign-batch] [163/402] ismapper:2.0.2--pyhdfd78af_1 -> success
[sign-batch] [164/402] jasminesv:1.1.5--hdfd78af_0 -> success
[sign-batch] [165/402] juicertools:2.20.00--hdfd78af_0 -> success
[sign-batch] [166/402] jvarkit:2024.08.25--hdfd78af_2 -> success
[sign-batch] [167/402] khmer:3.0.0a3--py311h67431bb_8 -> success
[sign-batch] [168/402] kma:1.6.11--he84ed4f_0 -> success
[sign-batch] [169/402] kmergenie:1.7051--py27r40h1e84f2d_11 -> success
[sign-batch] [170/402] knotannotsv:1.1.5--hdfd78af_0 -> success
[sign-batch] [171/402] kofamscan:1.3.0--hdfd78af_2 -> success
[sign-batch] [172/402] last:1651--hba0d0ff_0 -> success
[sign-batch] [173/402] learnmsa:2.0.16--pyhdfd78af_0 -> success
[sign-batch] [174/402] leviosam2:0.5.0--h163da20_1 -> success
[sign-batch] [175/402] liftoff:1.6.3--pyhdfd78af_0 -> success
[sign-batch] [176/402] links:2.0.1--h4ba1498_8 -> success
[sign-batch] [177/402] longphase:2.0.2--h02b7777_0 -> success
[sign-batch] [178/402] longstitch:1.0.5--hdfd78af_2 -> success
[sign-batch] [179/402] macs2:2.2.9.1--py311he810f1b_5 -> success
[sign-batch] [180/402] macs3:3.0.4--py313hf237484_0 -> success
[sign-batch] [181/402] macse:2.07--hdfd78af_0 -> success
[sign-batch] [182/402] macsyfinder:2.1.6--pyhdfd78af_0 -> success
[sign-batch] [183/402] mafft:7.525--h8a409c4_1 -> success
[sign-batch] [184/402] mageck:0.5.9.5--py312h42fd94b_8 -> success
[sign-batch] [185/402] manta:1.6.0--py27h163da20_6 -> success
[sign-batch] [186/402] mapad:0.45.0--h0ab2542_1 -> success
[sign-batch] [187/402] mapdamage2:2.2.3--py312h821f18e_0 -> success
[sign-batch] [188/402] mash:2.3--heca2785_10 -> success
[sign-batch] [189/402] mashmap:3.1.3--pl5321hdf7b3cb_2 -> success
[sign-batch] [190/402] mashtree:1.4.6--pl5321hdba15ac_4 -> success
[sign-batch] [191/402] maxquant:2.0.3.0--py310hdfd78af_0 -> success
[sign-batch] [192/402] mcroni:1.0.4--pyh5e36f6f_0 -> success
[sign-batch] [193/402] mdust:2006.10.17--h661a7b0_7 -> success
[sign-batch] [194/402] megahit:1.2.9--h3f0cd99_8 -> success
[sign-batch] [195/402] memote:0.17.0--pyhdfd78af_0 -> success
[sign-batch] [196/402] merfin:1.1--h4ba1498_0 -> success
[sign-batch] [197/402] merqury:1.3--hdfd78af_4 -> success
[sign-batch] [198/402] merquryfk:1.2--h1743689_1 -> success
[sign-batch] [199/402] metabuli:1.2.0--pl5321hd0c913a_0 -> success
[sign-batch] [200/402] methurator:2.1.1--pyhdfd78af_0 -> success
[sign-batch] [201/402] methyldackel:0.6.1--h0cbc5ad_9 -> success
[sign-batch] [202/402] mgikit:2.1.1--hab7b2bf_0 -> success
[sign-batch] [203/402] mifaser:1.64--pyh106432d_0 -> success
[sign-batch] [204/402] mindagap:0.0.2--pyhdfd78af_1 -> success
[sign-batch] [205/402] miniasm:0.3--h0cbc5ad_5 -> success
[sign-batch] [206/402] miniprot:0.18--h0cbc5ad_0 -> success
[sign-batch] [207/402] miranda:3.3a--h661a7b0_9 -> success
[sign-batch] [208/402] mirdeep2:2.0.1.3--hdfd78af_2 -> success
[sign-batch] [209/402] mirtop:0.4.30--pyh7e72e81_0 -> success
[sign-batch] [210/402] mirtrace:1.0.1--hdfd78af_1 -> success
[sign-batch] [211/402] mlst:2.33.1--hdfd78af_0 -> success
[sign-batch] [212/402] motus:4.0.4--pyhdfd78af_0 -> success
[sign-batch] [213/402] msisensor:0.5--h54ec578_7 -> success
[sign-batch] [214/402] mtnucratio:0.7.1--hdfd78af_0 -> success
[sign-batch] [215/402] multivcfanalyzer:0.89.0--hdfd78af_0 -> success
[sign-batch] [216/402] mummer:3.23--pl5321h80f0ee0_21 -> success
[sign-batch] [217/402] muscle:5.3--h163da20_3 -> success
[sign-batch] [218/402] muse:2.1.2--hd44150b_3 -> success
[sign-batch] [219/402] mygene:3.2.2--pyh5e36f6f_0 -> success
[sign-batch] [220/402] mykrobe:0.13.0--py312h25ee9f3_5 -> success
[sign-batch] [221/402] myloasm:0.5.1--h6789a04_1 -> success
[sign-batch] [222/402] nail:0.5.0--hba26009_0 -> success
[sign-batch] [223/402] nanocomp:1.25.6--pyhdfd78af_0 -> success
[sign-batch] [224/402] nanofilt:2.8.0--py_0 -> success
[sign-batch] [225/402] nanomonsv:0.9.0--pyhdfd78af_0 -> success
[sign-batch] [226/402] nextclade:3.21.2--h23ed54d_0 -> success
[sign-batch] [227/402] ngmaster:2.0.0--pyhdfd78af_0 -> success
[sign-batch] [228/402] ngmerge:0.5--hf0d9179_0 -> success
[sign-batch] [229/402] octopusv:0.3.3--pyhdfd78af_0 -> success
[sign-batch] [230/402] odgi:0.9.4--h1e84f2d_0 -> success
[sign-batch] [231/402] oncocnv:7.0--pl5321r44hdfd78af_2 -> success
[sign-batch] [232/402] openms:3.5.0--h1ce2723_0 -> success
[sign-batch] [233/402] opt:0.0.1--pyhdfd78af_0 -> success
[sign-batch] [234/402] optitype:1.5.0--pyhdfd78af_0 -> success
[sign-batch] [235/402] orfipy:0.0.4--py312h42fd94b_5 -> success
[sign-batch] [236/402] pairix:0.3.9--py312h821f18e_0 -> success
[sign-batch] [237/402] pairtools:1.1.3--py312hf52ee45_0 -> success
[sign-batch] [238/402] panacus:0.4.2--h389c417_0 -> success
[sign-batch] [239/402] pangolin:4.4--pyhdfd78af_1 -> success
[sign-batch] [240/402] paraclu:10--h1e84f2d_6 -> success
[sign-batch] [241/402] pasty:2.2.1--hdfd78af_0 -> success
[sign-batch] [242/402] pbptyper:2.0.0--hdfd78af_0 -> success
[sign-batch] [243/402] pcne:3.3.1--hdfd78af_0 -> success
[sign-batch] [244/402] pear:0.9.11--h36408cf_0 -> success
[sign-batch] [245/402] peddy:0.4.8--pyh5e36f6f_0 -> success
[sign-batch] [246/402] peka:1.0.2--pyhdfd78af_0 -> success
[sign-batch] [247/402] perbase:1.4.0--h2b90a6b_0 -> success
[sign-batch] [248/402] percolator:3.7.1--h0ab4d64_2 -> success
[sign-batch] [249/402] phantompeakqualtools:1.2.2--hdfd78af_1 -> success
[sign-batch] [250/402] pharokka:1.9.1--pyhdfd78af_1 -> success
[sign-batch] [251/402] phispy:5.0.10--py313h1984961_0 -> success
[sign-batch] [252/402] picard:3.4.0--hdfd78af_0 -> success
[sign-batch] [253/402] pilon:1.24--hdfd78af_0 -> success
[sign-batch] [254/402] pindel:0.2.5b9--h1e84f2d_12 -> success
[sign-batch] [255/402] pirate:1.0.5--hdfd78af_3 -> success
[sign-batch] [256/402] plasmidfinder:2.1.6--py314hdfd78af_2 -> success
[sign-batch] [257/402] plotsr:1.1.1--pyh7cba7a3_0 -> success
[sign-batch] [258/402] pmdtools:0.60--hdfd78af_5 -> success
[sign-batch] [259/402] polypolish:0.6.1--hab7b2bf_0 -> success
[sign-batch] [260/402] poolsnp:1.0.1--py312h7e72e81_0 -> success
[sign-batch] [261/402] popscle:0.1--hfd3d8ae_1 -> success
[sign-batch] [262/402] porechop:0.2.4--py312h42fd94b_9 -> success
[sign-batch] [263/402] portcullis:1.2.4--py313h79e472c_5 -> success
[sign-batch] [264/402] president:0.6.8--pyhdfd78af_0 -> success
[sign-batch] [265/402] presto:0.7.9--pyhdfd78af_0 -> success
[sign-batch] [266/402] pridepy:0.0.16--pyhdfd78af_0 -> success
[sign-batch] [267/402] prodigal:2.6.3--h0cbc5ad_11 -> success
[sign-batch] [268/402] prokka:1.15.6--pl5321hdfd78af_0 -> success
[sign-batch] [269/402] proovframe:0.9.7--hdfd78af_1 -> success
[sign-batch] [270/402] proteinortho:6.3.6--ha69ce42_0 -> success
[sign-batch] [271/402] pureclip:1.3.1--r44h23ed54d_2 -> success
[sign-batch] [272/402] pychopper:2.7.10--pyhdfd78af_0 -> success
[sign-batch] [273/402] pypgx:0.26.0--pyh7e72e81_0 -> success
[sign-batch] [274/402] pypolca:0.4.0--pyhdfd78af_0 -> success
[sign-batch] [275/402] pyrodigal:3.7.1--py313h7ebdf71_1 -> success
[sign-batch] [276/402] qcat:1.1.0--pyh864c0ab_1 -> success
[sign-batch] [277/402] qcatch:0.2.12--pyhdfd78af_0 -> success
[sign-batch] [278/402] quast:5.3.0--py313pl5321h0aa3852_2 -> success
[sign-batch] [279/402] racon:1.5.0--h1e84f2d_8 -> success
[sign-batch] [280/402] ragtag:2.1.0--pyhdfd78af_2 -> success
[sign-batch] [281/402] rapidnj:2.3.3--h4ba1498_0 -> success
[sign-batch] [282/402] rastair:2.1.1--he23d54a_0 -> success
[sign-batch] [283/402] rasusa:4.1.0--hb05d258_0 -> success
[sign-batch] [284/402] rattle:1.0--h0aa3852_0 -> success
[sign-batch] [285/402] regtools:1.0.0--h1e84f2d_5 -> success
[sign-batch] [286/402] repeatmasker:4.2.3--pl5321hdfd78af_0 -> success
[sign-batch] [287/402] repeatmodeler:2.0.8--pl5321hdfd78af_1 -> success
[sign-batch] [288/402] resfinder:4.7.2--pyhdfd78af_0 -> success
[sign-batch] [289/402] rgi:6.0.8--pyh05cac1d_0 -> success
[sign-batch] [290/402] rhocall:0.5.1--py312h187bc89_5 -> success
[sign-batch] [291/402] ribodetector:0.3.3--pyhdfd78af_0 -> success
[sign-batch] [292/402] ribotish:0.2.8--pyhdfd78af_0 -> success
[sign-batch] [293/402] ribotricer:1.5.0--pyhdfd78af_0 -> success
[sign-batch] [294/402] ribowaltz:2.0--r44hdfd78af_1 -> success
[sign-batch] [295/402] riker:0.2.0--h2013a2e_0 -> success
[sign-batch] [296/402] rmats:4.3.0--py312h570e2b1_5 -> success
[sign-batch] [297/402] rpbp:4.0.1--py313haca9121_1 -> success
[sign-batch] [298/402] rsem:1.3.3--pl5321h1e84f2d_12 -> success
[sign-batch] [299/402] rseqc:5.0.4--pyhdfd78af_1 -> success
[sign-batch] [300/402] rustqc:0.2.1--h23ed54d_0 -> success
[sign-batch] [301/402] s4pred:1.2.1--pyhdfd78af_1 -> success
[sign-batch] [302/402] sam2lca:1.1.4--pyhdfd78af_1 -> success
[sign-batch] [303/402] sambamba:1.0.1--h631fa95_4 -> success
[sign-batch] [304/402] samblaster:0.1.26--h163da20_7 -> success
[sign-batch] [305/402] samclip:0.4.0--hdfd78af_1 -> success
[sign-batch] [306/402] samshee:0.2.14--pyhdfd78af_0 -> success
[sign-batch] [307/402] savana:1.3.7--pyhdfd78af_0 -> success
[sign-batch] [308/402] scanpy:1.7.2--pyhdfd78af_0 -> success
[sign-batch] [309/402] seacr:1.3--hdfd78af_2 -> success
[sign-batch] [310/402] segemehl:0.3.4--h89409d7_13 -> success
[sign-batch] [311/402] segul:0.23.2--h3af2550_0 -> success
[sign-batch] [312/402] semibin:2.3.0--pyhdfd78af_0 -> success
[sign-batch] [313/402] sentieon:202503.03--h9a91658_0 -> success
[sign-batch] [314/402] seqcluster:1.2.9--pyh5e36f6f_0 -> success
[sign-batch] [315/402] seqfu:1.26.0--h0bbf5d2_0 -> success
[sign-batch] [316/402] sequali:1.0.2--py313h7ebdf71_1 -> success
[sign-batch] [317/402] seqwish:0.7.11--h0aa3852_1 -> success
[sign-batch] [318/402] severus:1.7--pyhdfd78af_0 -> success
[sign-batch] [319/402] sexdeterrmine:1.1.2--hdfd78af_1 -> success
[sign-batch] [320/402] sgdemux:1.2.0--hab7b2bf_4 -> success
[sign-batch] [321/402] shigapass:1.5.0--hdfd78af_0 -> success
[sign-batch] [322/402] shigatyper:2.0.5--pyhdfd78af_0 -> success
[sign-batch] [323/402] shigeifinder:1.3.5--pyhdfd78af_0 -> success
[sign-batch] [324/402] sickle:0.7.0--pyh9f0ad1d_0 -> success
[sign-batch] [325/402] simpleaf:0.25.0--h6789a04_0 -> success
[sign-batch] [326/402] ska:1.0--h1e84f2d_7 -> success
[sign-batch] [327/402] skani:0.3.2--h60bb4c3_0 -> success
[sign-batch] [328/402] skesa:2.5.1--h1e84f2d_3 -> success
[sign-batch] [329/402] smncopynumbercaller:1.1.2--py312h7e72e81_1 -> success
[sign-batch] [330/402] smoothxg:0.8.2--h3cbedc2_1 -> success
[sign-batch] [331/402] snakemake:9.22.0--hdfd78af_0 -> success
[sign-batch] [332/402] sniffles:2.8.0--pyhdfd78af_0 -> success
[sign-batch] [333/402] snpeff:5.4.0c--hdfd78af_0 -> success
[sign-batch] [334/402] snpsift:5.4.0c--hdfd78af_0 -> success
[sign-batch] [335/402] somalier:0.3.2--hed5566f_0 -> success
[sign-batch] [336/402] sortmerna:4.3.7--h7021222_1 -> success
[sign-batch] [337/402] sourcepredict:0.5.1--pyhdfd78af_0 -> success
[sign-batch] [338/402] sourmash:4.9.4--hdfd78af_0 -> success
[sign-batch] [339/402] spades:4.2.0--h3e01217_2 -> success
[sign-batch] [340/402] spatyper:0.3.3--pyhdfd78af_3 -> success
[sign-batch] [341/402] stacks:2.68--h1e84f2d_3 -> success
[sign-batch] [342/402] stainwarpy:0.2.4--pyhdfd78af_0 -> success
[sign-batch] [343/402] staphscan:0.3.1--pyhdfd78af_0 -> success
[sign-batch] [344/402] star:2.7.11b--h0aa3852_8 -> success
[sign-batch] [345/402] staramr:0.12.2--pyhdfd78af_0 -> success
[sign-batch] [346/402] stecfinder:1.1.2--pyhdfd78af_0 -> success
[sign-batch] [347/402] stranger:0.10.2--pyhdfd78af_0 -> success
[sign-batch] [348/402] strdust:0.16.0--h095e6a0_0 -> success
[sign-batch] [349/402] strobealign:0.17.0--h0aa3852_0 -> success
[sign-batch] [350/402] strvctvre:1.10--pyh7e72e81_0 -> success
[sign-batch] [351/402] survivor:1.0.7--h1e84f2d_7 -> success
[sign-batch] [352/402] svaba:1.2.0--h11fa803_1 -> success
[sign-batch] [353/402] svdb:2.10.2--py313h1a40087_0 -> success
[sign-batch] [354/402] svim:2.0.0--pyhdfd78af_0 -> success
[sign-batch] [355/402] svtk:0.0.20190615--py312h187bc89_7 -> success
[sign-batch] [356/402] syri:1.7.1--py311h271088c_1 -> success
[sign-batch] [357/402] t1k:1.0.9--h0aa3852_0 -> success
[sign-batch] [358/402] tabix:1.11--hdfd78af_0 -> success
[sign-batch] [359/402] tagbam:0.1.0--hab7b2bf_0 -> success
[sign-batch] [360/402] taxonkit:0.20.0--h23ed54d_1 -> success
[sign-batch] [361/402] td2:1.1.0--pyhdfd78af_0 -> success
[sign-batch] [362/402] tesorter:1.5.1--pyhdfd78af_0 -> success
[sign-batch] [363/402] tidk:0.2.65--h30f2c0e_0 -> success
[sign-batch] [364/402] tmb:1.6.0--pyhdfd78af_1 -> success
[sign-batch] [365/402] topas:1.0.1--hdfd78af_1 -> success
[sign-batch] [366/402] toulligqc:2.8.4--pyhdfd78af_1 -> success
[sign-batch] [367/402] traitar:3.0.1--pyhdfd78af_1 -> success
[sign-batch] [368/402] transdecoder:6.0.0--pl5321hdfd78af_0 -> success
[sign-batch] [369/402] trimal:1.5.1--h163da20_0 -> success
[sign-batch] [370/402] trinity:2.15.2--pl5321h1e84f2d_6 -> success
[sign-batch] [371/402] trust4:1.1.9--h94579f3_0 -> success
[sign-batch] [372/402] truvari:5.4.0--pyhdfd78af_0 -> success
[sign-batch] [373/402] trycycler:0.5.6--pyhdfd78af_0 -> success
[sign-batch] [374/402] tsebra:1.1.2.5--pyhca03a8a_0 -> success
[sign-batch] [375/402] ultra:1.2.1--h163da20_0 -> success
[sign-batch] [376/402] ultraplex:1.2.10--py39hd1b7a2b_0 -> success
[sign-batch] [377/402] umitools:0.3.4--py_2 -> success
[sign-batch] [378/402] unicycler:0.5.1--py312hc072545_5 -> success
[sign-batch] [379/402] upd:0.1.1--pyhdfd78af_0 -> success
[sign-batch] [380/402] varscan:2.4.6--hdfd78af_0 -> success
[sign-batch] [381/402] vcf2cytosure:0.9.3--pyh7e72e81_0 -> success
[sign-batch] [382/402] vcf2db:2020.02.24--pl5321hdfd78af_3 -> success
[sign-batch] [383/402] vcf2maf:1.6.22--hdfd78af_2 -> success
[sign-batch] [384/402] vcfanno:0.3.8--h434876b_0 -> success
[sign-batch] [385/402] vcfexpress:0.3.4--hab7b2bf_0 -> success
[sign-batch] [386/402] vcflib:1.0.15--h033866a_1 -> success
[sign-batch] [387/402] vclust:1.3.1--py312h42fd94b_1 -> success
[sign-batch] [388/402] vembrane:2.6.0--pyhdfd78af_0 -> success
[sign-batch] [389/402] vg:1.73.0--h23ed54d_0 -> success
[sign-batch] [390/402] viennarna:2.7.2--py313pl5321h303c5bc_1 -> success
[sign-batch] [391/402] virusrecom:1.4.0--pyhdfd78af_0 -> success
[sign-batch] [392/402] vrhyme:1.1.0--pyhdfd78af_1 -> success
[sign-batch] [393/402] vsearch:2.31.0--hd0c913a_0 -> success
[sign-batch] [394/402] wfmash:0.24.2--h545c2f8_1 -> success
[sign-batch] [395/402] wgsim:1.0--h0cbc5ad_10 -> success
[sign-batch] [396/402] whatshap:2.8--py312h42fd94b_0 -> success
[sign-batch] [397/402] wipertools:1.1.5--pyhdfd78af_0 -> success
[sign-batch] [398/402] wisecondorx:1.3.2--pyhdfd78af_0 -> success
[sign-batch] [399/402] xengsort:2.2.1--pyhdfd78af_0 -> success
[sign-batch] [400/402] yahs:1.2.2--h0cbc5ad_1 -> success
[sign-batch] [401/402] yak:0.1--h0cbc5ad_6 -> success
[sign-batch] [402/402] yara:1.0.5--h3f0cd99_0 -> success
[sign-batch] done
  : 1
  success: 401
